DEBUG main org.mybatis.generator.internal.db.DatabaseIntrospector - Retrieving column information for table "tbl_tokenlog"
DEBUG main org.mybatis.generator.internal.db.DatabaseIntrospector - Found column "uuid_f", data type 12, in table "new_erp0425..tbl_tokenlog"
DEBUG main org.mybatis.generator.internal.db.DatabaseIntrospector - Found column "id_f", data type 4, in table "new_erp0425..tbl_tokenlog"
DEBUG main org.mybatis.generator.internal.db.DatabaseIntrospector - Found column "code_f", data type 12, in table "new_erp0425..tbl_tokenlog"
DEBUG main org.mybatis.generator.internal.db.DatabaseIntrospector - Found column "name_f", data type 12, in table "new_erp0425..tbl_tokenlog"
DEBUG main org.mybatis.generator.internal.db.DatabaseIntrospector - Found column "version_f", data type 4, in table "new_erp0425..tbl_tokenlog"
DEBUG main org.mybatis.generator.internal.db.DatabaseIntrospector - Found column "status_f", data type 4, in table "new_erp0425..tbl_tokenlog"
DEBUG main org.mybatis.generator.internal.db.DatabaseIntrospector - Found column "user_creator_f", data type 12, in table "new_erp0425..tbl_tokenlog"
DEBUG main org.mybatis.generator.internal.db.DatabaseIntrospector - Found column "createtime_f", data type 93, in table "new_erp0425..tbl_tokenlog"
DEBUG main org.mybatis.generator.internal.db.DatabaseIntrospector - Found column "org_org_f", data type 12, in table "new_erp0425..tbl_tokenlog"
DEBUG main org.mybatis.generator.internal.db.DatabaseIntrospector - Found column "appuserid_f", data type 12, in table "new_erp0425..tbl_tokenlog"
DEBUG main org.mybatis.generator.internal.db.DatabaseIntrospector - Retrieving column information for table "tbl_tokenlog"
DEBUG main org.mybatis.generator.internal.db.DatabaseIntrospector - Found column "uuid_f", data type 12, in table "new_erp0425..tbl_tokenlog"
DEBUG main org.mybatis.generator.internal.db.DatabaseIntrospector - Found column "id_f", data type 4, in table "new_erp0425..tbl_tokenlog"
DEBUG main org.mybatis.generator.internal.db.DatabaseIntrospector - Found column "code_f", data type 12, in table "new_erp0425..tbl_tokenlog"
DEBUG main org.mybatis.generator.internal.db.DatabaseIntrospector - Found column "name_f", data type 12, in table "new_erp0425..tbl_tokenlog"
DEBUG main org.mybatis.generator.internal.db.DatabaseIntrospector - Found column "version_f", data type 4, in table "new_erp0425..tbl_tokenlog"
DEBUG main org.mybatis.generator.internal.db.DatabaseIntrospector - Found column "status_f", data type 4, in table "new_erp0425..tbl_tokenlog"
DEBUG main org.mybatis.generator.internal.db.DatabaseIntrospector - Found column "user_creator_f", data type 12, in table "new_erp0425..tbl_tokenlog"
DEBUG main org.mybatis.generator.internal.db.DatabaseIntrospector - Found column "createtime_f", data type 93, in table "new_erp0425..tbl_tokenlog"
DEBUG main org.mybatis.generator.internal.db.DatabaseIntrospector - Found column "org_org_f", data type 12, in table "new_erp0425..tbl_tokenlog"
DEBUG main org.mybatis.generator.internal.db.DatabaseIntrospector - Found column "appuserid_f", data type 12, in table "new_erp0425..tbl_tokenlog"
DEBUG main org.mybatis.generator.internal.db.DatabaseIntrospector - Retrieving column information for table "tbl_billfieldapp"
DEBUG main org.mybatis.generator.internal.db.DatabaseIntrospector - Found column "id_f", data type 4, in table "new_erp0425..tbl_billfieldapp"
DEBUG main org.mybatis.generator.internal.db.DatabaseIntrospector - Found column "bill_bill_f", data type 12, in table "new_erp0425..tbl_billfieldapp"
DEBUG main org.mybatis.generator.internal.db.DatabaseIntrospector - Found column "field_f", data type 12, in table "new_erp0425..tbl_billfieldapp"
DEBUG main org.mybatis.generator.internal.db.DatabaseIntrospector - Found column "name_f", data type 12, in table "new_erp0425..tbl_billfieldapp"
DEBUG main org.mybatis.generator.internal.db.DatabaseIntrospector - Found column "table_f", data type 12, in table "new_erp0425..tbl_billfieldapp"
DEBUG main org.mybatis.generator.internal.db.DatabaseIntrospector - Found column "datatype_f", data type 12, in table "new_erp0425..tbl_billfieldapp"
DEBUG main org.mybatis.generator.internal.db.DatabaseIntrospector - Found column "digits_f", data type 4, in table "new_erp0425..tbl_billfieldapp"
DEBUG main org.mybatis.generator.internal.db.DatabaseIntrospector - Found column "width_f", data type 4, in table "new_erp0425..tbl_billfieldapp"
DEBUG main org.mybatis.generator.internal.db.DatabaseIntrospector - Found column "required_f", data type 4, in table "new_erp0425..tbl_billfieldapp"
DEBUG main org.mybatis.generator.internal.db.DatabaseIntrospector - Found column "sort_f", data type 4, in table "new_erp0425..tbl_billfieldapp"
DEBUG main org.mybatis.generator.internal.db.DatabaseIntrospector - Found column "query_f", data type 4, in table "new_erp0425..tbl_billfieldapp"
DEBUG main org.mybatis.generator.internal.db.DatabaseIntrospector - Found column "listsort_f", data type 4, in table "new_erp0425..tbl_billfieldapp"
DEBUG main org.mybatis.generator.internal.db.DatabaseIntrospector - Found column "filltarget_f", data type 12, in table "new_erp0425..tbl_billfieldapp"
DEBUG main org.mybatis.generator.internal.db.DatabaseIntrospector - Found column "fillsource_f", data type 12, in table "new_erp0425..tbl_billfieldapp"
DEBUG main org.mybatis.generator.internal.db.DatabaseIntrospector - Found column "bindingattribute_f", data type 12, in table "new_erp0425..tbl_billfieldapp"
DEBUG main org.mybatis.generator.internal.db.DatabaseIntrospector - Found column "listquery_f", data type 4, in table "new_erp0425..tbl_billfieldapp"
DEBUG main org.mybatis.generator.internal.db.DatabaseIntrospector - Found column "listquerytag_f", data type 12, in table "new_erp0425..tbl_billfieldapp"
DEBUG main org.mybatis.generator.internal.db.DatabaseIntrospector - Found column "formatter_f", data type 12, in table "new_erp0425..tbl_billfieldapp"
DEBUG main org.mybatis.generator.internal.db.DatabaseIntrospector - Found column "default_f", data type 12, in table "new_erp0425..tbl_billfieldapp"
DEBUG main org.mybatis.generator.internal.db.DatabaseIntrospector - Found column "filter_f", data type 12, in table "new_erp0425..tbl_billfieldapp"
DEBUG main org.mybatis.generator.internal.db.DatabaseIntrospector - Found column "rededitable_f", data type 4, in table "new_erp0425..tbl_billfieldapp"
DEBUG main org.mybatis.generator.internal.db.DatabaseIntrospector - Found column "relationeditable_f", data type 4, in table "new_erp0425..tbl_billfieldapp"
DEBUG main org.mybatis.generator.internal.db.DatabaseIntrospector - Found column "editable_f", data type 4, in table "new_erp0425..tbl_billfieldapp"
DEBUG main org.mybatis.generator.internal.db.DatabaseIntrospector - Found column "totalfield_f", data type 12, in table "new_erp0425..tbl_billfieldapp"
